<?xml version="1.0" encoding="UTF-8"?>
<testng-results ignored="0" total="1" passed="1" failed="0" skipped="0">
  <reporter-output>
  </reporter-output>
  <suite started-at="2026-06-01T22:57:53 IST" name="Default suite" finished-at="2026-06-01T22:57:56 IST" duration-ms="3149">
    <groups>
    </groups>
    <test started-at="2026-06-01T22:57:53 IST" name="Default test" finished-at="2026-06-01T22:57:56 IST" duration-ms="3149">
      <class name="com.api.tests.LoginTest">
        <test-method signature="testLoginUser()[pri:0, instance:com.api.tests.LoginTest@6253c26]" started-at="2026-06-01T22:57:53 IST" name="testLoginUser" finished-at="2026-06-01T22:57:56 IST" duration-ms="3083" status="PASS">
          <reporter-output>
          </reporter-output>
        </test-method> <!-- testLoginUser -->
      </class> <!-- com.api.tests.LoginTest -->
    </test> <!-- Default test -->
  </suite> <!-- Default suite -->
</testng-results>
