<?xml version="1.0" encoding="UTF-8"?>
<testng-results ignored="0" total="1" passed="1" failed="0" skipped="0">
  <reporter-output>
  </reporter-output>
  <suite started-at="2026-05-20T15:43:03 IST" name="Default suite" finished-at="2026-05-20T15:43:21 IST" duration-ms="18010">
    <groups>
      <group name="cucumber">
        <method signature="AbstractTestNGCucumberTests.runScenario(io.cucumber.testng.PickleWrapper,io.cucumber.testng.FeatureWrapper)[pri:0, instance:Runner.RegRunner@28261e8e]" name="runScenario" class="io.cucumber.testng.AbstractTestNGCucumberTests"/>
      </group> <!-- cucumber -->
    </groups>
    <test started-at="2026-05-20T15:43:03 IST" name="Default test" finished-at="2026-05-20T15:43:21 IST" duration-ms="18010">
      <class name="Runner.RegRunner">
        <test-method is-config="true" signature="setUpClass(org.testng.ITestContext)[pri:0, instance:Runner.RegRunner@28261e8e]" started-at="2026-05-20T15:43:03 IST" name="setUpClass" finished-at="2026-05-20T15:43:03 IST" duration-ms="121" status="PASS">
          <params>
            <param index="0">
              <value>
                <![CDATA[org.testng.TestRunner@421a4ee1]]>
              </value>
            </param>
          </params>
          <reporter-output>
          </reporter-output>
        </test-method> <!-- setUpClass -->
        <test-method signature="runScenario(io.cucumber.testng.PickleWrapper,io.cucumber.testng.FeatureWrapper)[pri:0, instance:Runner.RegRunner@28261e8e]" started-at="2026-05-20T15:43:03 IST" name="runScenario" description="Runs Cucumber Scenarios" data-provider="scenarios" finished-at="2026-05-20T15:43:21 IST" duration-ms="17850" status="PASS">
          <params>
            <param index="0">
              <value>
                <![CDATA["successful registration"]]>
              </value>
            </param>
            <param index="1">
              <value>
                <![CDATA["register new user"]]>
              </value>
            </param>
          </params>
          <reporter-output>
          </reporter-output>
        </test-method> <!-- runScenario -->
        <test-method is-config="true" signature="tearDownClass()[pri:0, instance:Runner.RegRunner@28261e8e]" started-at="2026-05-20T15:43:21 IST" name="tearDownClass" finished-at="2026-05-20T15:43:21 IST" duration-ms="3" status="PASS">
          <reporter-output>
          </reporter-output>
        </test-method> <!-- tearDownClass -->
      </class> <!-- Runner.RegRunner -->
    </test> <!-- Default test -->
  </suite> <!-- Default suite -->
</testng-results>
