<?xml version="1.0" encoding="UTF-8"?>
<!-- Generated by org.testng.reporters.JUnitReportReporter -->
<testsuite hostname="Sonali" failures="0" tests="2" name="com.api.tests.CreateCollectionTest" time="3.267" errors="0" timestamp="2026-06-01T16:43:14 IST" skipped="0">
  <testcase classname="com.api.tests.CreateCollectionTest" name="getCollectionsTest" time="0.319"/>
  <testcase classname="com.api.tests.CreateCollectionTest" name="createCollectionTest" time="2.948"/>
</testsuite> <!-- com.api.tests.CreateCollectionTest -->
